Microsoft (R) Visual C# Compiler version 4.6.1586.0
for C# 5
Copyright (C) Microsoft Corporation. All rights reserved.

This compiler is provided as part of the Microsoft (R) .NET Framework, but only supports language versions up to C# 5, which is no longer the latest version. For compilers that support newer versions of the C# programming language, see http://go.microsoft.com/fwlink/?LinkID=533240

src\DeploymentController.cs(24,19): error CS1031: Type expected
src\DeploymentController.cs(25,19): error CS1031: Type expected
src\DeploymentController.cs(26,19): error CS1031: Type expected
src\DeploymentController.cs(27,19): error CS1031: Type expected
src\DeploymentController.cs(29,19): error CS1031: Type expected
src\DeploymentController.cs(30,19): error CS1031: Type expected
src\DeploymentController.cs(32,19): error CS1031: Type expected
src\DeploymentController.cs(33,19): error CS1031: Type expected
src\DeploymentController.cs(35,19): error CS1031: Type expected
src\DeploymentController.cs(36,19): error CS1031: Type expected
src\DeploymentController.cs(38,19): error CS1031: Type expected
src\DeploymentController.cs(39,19): error CS1031: Type expected
src\DeploymentController.cs(41,19): error CS1031: Type expected
src\DeploymentController.cs(43,19): error CS1031: Type expected
src\HighScoreController.cs(19,19): error CS1031: Type expected
src\HighScoreController.cs(20,19): error CS1031: Type expected
src\MenuController.cs(36,19): error CS1031: Type expected
src\MenuController.cs(37,19): error CS1031: Type expected
src\MenuController.cs(38,19): error CS1031: Type expected
src\MenuController.cs(39,19): error CS1031: Type expected
src\MenuController.cs(40,19): error CS1031: Type expected
src\MenuController.cs(41,19): error CS1031: Type expected
src\MenuController.cs(42,19): error CS1031: Type expected
src\MenuController.cs(44,19): error CS1031: Type expected
src\MenuController.cs(45,19): error CS1031: Type expected
src\MenuController.cs(46,19): error CS1031: Type expected
src\MenuController.cs(48,19): error CS1031: Type expected
src\MenuController.cs(49,19): error CS1031: Type expected
src\MenuController.cs(50,19): error CS1031: Type expected
src\MenuController.cs(51,19): error CS1031: Type expected
src\MenuController.cs(53,19): error CS1031: Type expected
src\MenuController.cs(54,19): error CS1031: Type expected
src\MenuController.cs(55,19): error CS1031: Type expected
src\MenuController.cs(56,19): error CS1031: Type expected
src\MenuController.cs(58,19): error CS1031: Type expected
src\MenuController.cs(59,19): error CS1031: Type expected
src\MenuController.cs(60,19): error CS1031: Type expected
src\UtilityFunctions.cs(20,18): error CS1031: Type expected
src\UtilityFunctions.cs(21,18): error CS1031: Type expected
src\UtilityFunctions.cs(22,18): error CS1031: Type expected
src\UtilityFunctions.cs(23,18): error CS1031: Type expected
src\UtilityFunctions.cs(25,18): error CS1031: Type expected
src\UtilityFunctions.cs(27,18): error CS1031: Type expected
src\UtilityFunctions.cs(28,18): error CS1031: Type expected
src\UtilityFunctions.cs(29,18): error CS1031: Type expected
src\UtilityFunctions.cs(31,18): error CS1031: Type expected
src\UtilityFunctions.cs(48,18): error CS1031: Type expected
src\UtilityFunctions.cs(49,18): error CS1031: Type expected
